<?xml version="1.0" encoding="UTF-8"?>
<!-- Generated by org.testng.reporters.JUnitXMLReporter -->
<testsuite ignored="0" hostname="LAPTOP-IFFP6P5H" failures="0" tests="2" name="Surefire test" time="0.893" errors="0" timestamp="2023-05-15T16:54:19 IST">
  <testcase classname="Grid.ChromeTest" name="@BeforeMethod beforeMethod" time="0.063">
    <failure type="java.net.MalformedURLException" message="no protocol: ">
      <![CDATA[java.net.MalformedURLException: no protocol: 
at java.base/java.net.URL.<init>(URL.java:674)
at java.base/java.net.URL.<init>(URL.java:569)
at java.base/java.net.URL.<init>(URL.java:516)
at Grid.DemoGrid.initializeBrowser(DemoGrid.java:29)
at Grid.ChromeTest.beforeMethod(ChromeTest.java:19)
at java.base/java.util.ArrayList.forEach(ArrayList.java:1511)
... Removed 36 stack frames]]>
    </failure>
  </testcase> <!-- @BeforeMethod beforeMethod -->
  <testcase classname="Grid.ChromeTest" name="@AfterMethod afterMethod" time="0.0">
    <skipped/>
  </testcase> <!-- @AfterMethod afterMethod -->
  <testcase classname="Grid.MicrosoftTest" name="@BeforeMethod beforeMethod" time="0.0">
    <failure type="java.net.MalformedURLException" message="no protocol: ">
      <![CDATA[java.net.MalformedURLException: no protocol: 
at java.base/java.net.URL.<init>(URL.java:674)
at java.base/java.net.URL.<init>(URL.java:569)
at java.base/java.net.URL.<init>(URL.java:516)
at Grid.DemoGrid.initializeBrowser(DemoGrid.java:29)
at Grid.MicrosoftTest.beforeMethod(MicrosoftTest.java:17)
at java.base/java.util.ArrayList.forEach(ArrayList.java:1511)
... Removed 36 stack frames]]>
    </failure>
  </testcase> <!-- @BeforeMethod beforeMethod -->
  <testcase classname="Grid.MicrosoftTest" name="@AfterMethod afterMethod" time="0.0">
    <skipped/>
  </testcase> <!-- @AfterMethod afterMethod -->
  <testcase classname="Grid.ChromeTest" name="function" time="0.0">
    <skipped/>
  </testcase> <!-- function -->
  <testcase classname="Grid.MicrosoftTest" name="function" time="0.0">
    <skipped/>
  </testcase> <!-- function -->
</testsuite> <!-- Surefire test -->
