<?xml version="1.0" encoding="UTF-8"?>
<testng-results ignored="0" total="1" passed="1" failed="0" skipped="0">
  <reporter-output>
  </reporter-output>
  <suite started-at="2023-05-26T14:01:03 IST" name="Default suite" finished-at="2023-05-26T14:01:14 IST" duration-ms="11600">
    <groups>
    </groups>
    <test started-at="2023-05-26T14:01:03 IST" name="Default test" finished-at="2023-05-26T14:01:14 IST" duration-ms="11600">
      <class name="day4.DemoPractice">
        <test-method is-config="true" signature="launchBrowser()[pri:0, instance:day4.DemoPractice@a4add54]" started-at="2023-05-26T14:01:03 IST" name="launchBrowser" finished-at="2023-05-26T14:01:07 IST" duration-ms="3787" status="PASS">
          <reporter-output>
          </reporter-output>
        </test-method> <!-- launchBrowser -->
        <test-method signature="fileUpload()[pri:0, instance:day4.DemoPractice@a4add54]" started-at="2023-05-26T14:01:07 IST" name="fileUpload" finished-at="2023-05-26T14:01:09 IST" duration-ms="2076" status="PASS">
          <reporter-output>
          </reporter-output>
        </test-method> <!-- fileUpload -->
        <test-method is-config="true" signature="closeBrowser()[pri:0, instance:day4.DemoPractice@a4add54]" started-at="2023-05-26T14:01:09 IST" name="closeBrowser" finished-at="2023-05-26T14:01:14 IST" duration-ms="5567" status="PASS">
          <reporter-output>
          </reporter-output>
        </test-method> <!-- closeBrowser -->
      </class> <!-- day4.DemoPractice -->
    </test> <!-- Default test -->
  </suite> <!-- Default suite -->
</testng-results>
